<?xml version="1.0" encoding="UTF-8" ?>
<testsuite tests="7" failures="0" name="parser.json.GeneratorTest" time="0.079" errors="0" skipped="0">
  <properties>
[...]
</properties>
  <testcase classname="parser.json.GeneratorTest" name="testDoubleJSON" time="0.068"/>
  <testcase classname="parser.json.GeneratorTest" name="testEmptyJSON" time="0"/>
  <testcase classname="parser.json.GeneratorTest" name="testStringJSON" time="0"/>
  <testcase classname="parser.json.GeneratorTest" name="testBoolJSON" time="0"/>
  <testcase classname="parser.json.GeneratorTest" name="testArrayJSON" time="0.007"/>
  <testcase classname="parser.json.GeneratorTest" name="testObjectJSON" time="0.004"/>
  <testcase classname="parser.json.GeneratorTest" name="testIntegerJSON" time="0"/>
</testsuite>