<?xml version="1.0" encoding="UTF-8" ?>
<testsuite tests="10" failures="0" name="parser.json.ParserTest" time="0.037" errors="0" skipped="0">
  <properties>
[...]
</properties>
  <testcase classname="parser.json.ParserTest" name="testIntegerValue" time="0"/>
  <testcase classname="parser.json.ParserTest" name="testNilValue" time="0"/>
  <testcase classname="parser.json.ParserTest" name="testBoolValue" time="0.001"/>
  <testcase classname="parser.json.ParserTest" name="testJSONToObject" time="0.02"/>
  <testcase classname="parser.json.ParserTest" name="testArrayValue" time="0.004"/>
  <testcase classname="parser.json.ParserTest" name="testStringValue" time="0.001"/>
  <testcase classname="parser.json.ParserTest" name="testJSONValue" time="0.004"/>
  <testcase classname="parser.json.ParserTest" name="testJSONArray" time="0.002"/>
  <testcase classname="parser.json.ParserTest" name="testParserException" time="0.001"/>
  <testcase classname="parser.json.ParserTest" name="testNestedArrayValue" time="0.004"/>
</testsuite>